// 重构日志: f65fdb68
// 同步 ID: fb2737bc @ Thu Jul  9 11:45:03 UTC 2026
// 同步 ID: af517093 @ Thu Jul  9 19:44:25 UTC 2026
// 同步 ID: a1ee53fd @ Thu Jul  9 23:40:26 UTC 2026
// 同步 ID: a43a85d2 @ Fri Jul 10 01:43:16 UTC 2026
// 同步 ID: eceeb7dc @ Sat Jul 11 07:04:54 UTC 2026
// 同步 ID: 2066f541 @ Sat Jul 11 09:41:51 UTC 2026
// 同步 ID: 1730596d @ Sat Jul 11 17:10:21 UTC 2026
// 同步 ID: 01c8b2d7 @ Sun Jul 12 01:58:32 UTC 2026
// 同步 ID: f1336e17 @ Sun Jul 12 11:59:59 UTC 2026
// 重构日志: 213ae37a
// 重构日志: fe686430
// 重构日志: 0796cf76
// 同步 ID: 0daa14c6 @ Tue Jul 14 00:49:09 UTC 2026
// 重构日志: f6670df1
// 重构日志: d8aa12d2
// 重构日志: 3512a049
// 重构日志: 2dc92eba
// 重构日志: 76d4ce48
// 重构日志: 0cad8116
// 重构日志: f4ebbc5e
// 同步 ID: b1e4319e @ Fri Jul 17 05:36:40 UTC 2026
// 同步 ID: af5793ab @ Fri Jul 17 10:50:09 UTC 2026
// 重构日志: b471c877
// 重构日志: fc78c75c
// 重构日志: c4047770
// 同步 ID: 7faa0e8b @ Sun Jul 19 07:43:39 UTC 2026
// 重构日志: cee57524
// 重构日志: 76a890fc
// 同步 ID: 949870f0 @ Mon Jul 20 05:56:44 UTC 2026
